TN:
SF:/Users/cmitchell/www/renderless-party/src/components/Event.vue
FN:14,(anonymous_1)
FN:25,(anonymous_2)
FN:43,(anonymous_3)
FNF:3
FNH:3
FNDA:1,(anonymous_1)
FNDA:1,(anonymous_2)
FNDA:1,(anonymous_3)
DA:15,1
DA:16,1
DA:26,1
DA:44,1
LF:4
LH:4
BRDA:26,0,0,2
BRDA:26,0,1,1
BRDA:44,1,0,1
BRDA:44,1,1,2
BRF:4
BRH:4
end_of_record
TN:
SF:/Users/cmitchell/www/renderless-party/src/components/Function.vue
FN:10,(anonymous_1)
FNF:1
FNH:1
FNDA:1,(anonymous_1)
DA:11,1
LF:1
LH:1
BRF:0
BRH:0
end_of_record
TN:
SF:/Users/cmitchell/www/renderless-party/src/components/Paginate.vue
FN:2,(anonymous_1)
FN:3,(anonymous_2)
FN:21,(anonymous_3)
FN:28,(anonymous_4)
FN:32,(anonymous_5)
FN:36,(anonymous_6)
FN:40,(anonymous_7)
FN:44,(anonymous_8)
FN:48,(anonymous_9)
FN:52,(anonymous_10)
FN:56,(anonymous_11)
FN:62,(anonymous_12)
FN:66,(anonymous_13)
FN:72,(anonymous_14)
FN:76,(anonymous_15)
FN:80,(anonymous_16)
FN:85,(anonymous_17)
FNF:17
FNH:17
FNDA:4,(anonymous_1)
FNDA:20,(anonymous_2)
FNDA:1,(anonymous_3)
FNDA:5,(anonymous_4)
FNDA:12,(anonymous_5)
FNDA:11,(anonymous_6)
FNDA:4,(anonymous_7)
FNDA:5,(anonymous_8)
FNDA:4,(anonymous_9)
FNDA:5,(anonymous_10)
FNDA:5,(anonymous_11)
FNDA:1,(anonymous_12)
FNDA:2,(anonymous_13)
FNDA:9,(anonymous_14)
FNDA:2,(anonymous_15)
FNDA:3,(anonymous_16)
FNDA:4,(anonymous_17)
DA:2,7
DA:3,24
DA:22,1
DA:29,5
DA:33,12
DA:37,11
DA:41,4
DA:45,5
DA:49,4
DA:53,5
DA:57,5
DA:63,1
DA:67,2
DA:73,9
DA:77,2
DA:81,3
DA:86,4
LF:17
LH:17
BRDA:53,0,0,4
BRDA:53,0,1,1
BRDA:57,1,0,4
BRDA:57,1,1,1
BRDA:73,2,0,1
BRDA:73,2,1,8
BRDA:77,3,0,1
BRDA:77,3,1,1
BRF:8
BRH:8
end_of_record
TN:
SF:/Users/cmitchell/www/renderless-party/src/components/Search.vue
FN:8,(anonymous_1)
FN:21,(anonymous_2)
FN:29,(anonymous_3)
FN:33,(anonymous_4)
FNF:4
FNH:4
FNDA:1,(anonymous_1)
FNDA:3,(anonymous_2)
FNDA:19,(anonymous_3)
FNDA:3,(anonymous_4)
DA:2,7
DA:8,1
DA:22,4
DA:24,2
DA:25,2
DA:26,2
DA:27,2
DA:29,21
DA:34,3
LF:9
LH:9
BRDA:22,0,0,4
BRDA:22,0,1,4
BRDA:26,1,0,2
BRDA:26,1,1,1
BRF:4
BRH:4
end_of_record
TN:
SF:/Users/cmitchell/www/renderless-party/src/components/Sort.vue
FN:13,(anonymous_1)
FN:22,(anonymous_2)
FN:29,(anonymous_3)
FNF:3
FNH:3
FNDA:4,(anonymous_1)
FNDA:4,(anonymous_2)
FNDA:4,(anonymous_3)
DA:2,7
DA:13,4
DA:23,5
DA:25,3
DA:30,4
LF:5
LH:5
BRDA:23,0,0,1
BRDA:23,0,1,3
BRF:2
BRH:2
end_of_record
TN:
SF:/Users/cmitchell/www/renderless-party/src/components/State.vue
FN:10,(anonymous_1)
FN:17,(anonymous_2)
FN:21,(anonymous_3)
FN:26,(anonymous_4)
FN:31,(anonymous_5)
FN:36,(anonymous_6)
FNF:6
FNH:6
FNDA:1,(anonymous_1)
FNDA:5,(anonymous_2)
FNDA:2,(anonymous_3)
FNDA:1,(anonymous_4)
FNDA:2,(anonymous_5)
FNDA:5,(anonymous_6)
DA:11,1
DA:18,5
DA:22,2
DA:27,1
DA:32,2
DA:37,5
LF:6
LH:6
BRF:0
BRH:0
end_of_record
TN:
SF:/Users/cmitchell/www/renderless-party/src/components/Toggle.vue
FN:10,(anonymous_1)
FN:17,(anonymous_2)
FN:21,(anonymous_3)
FN:27,(anonymous_4)
FN:31,(anonymous_5)
FN:35,(anonymous_6)
FN:40,(anonymous_7)
FNF:7
FNH:7
FNDA:1,(anonymous_1)
FNDA:3,(anonymous_2)
FNDA:1,(anonymous_3)
FNDA:1,(anonymous_4)
FNDA:1,(anonymous_5)
FNDA:1,(anonymous_6)
FNDA:4,(anonymous_7)
DA:11,1
DA:18,3
DA:22,1
DA:28,1
DA:32,1
DA:36,1
DA:41,4
LF:7
LH:7
BRF:0
BRH:0
end_of_record
TN:
SF:/Users/cmitchell/www/renderless-party/src/components/index.js
FNF:0
FNH:0
LF:0
LH:0
BRF:0
BRH:0
end_of_record
