TN:
SF:/Users/cmitchell/www/renderless-party/src/components/Event.vue
FN:15,(anonymous_1)
FN:26,(anonymous_2)
FN:44,(anonymous_3)
FNF:3
FNH:3
FNDA:1,(anonymous_1)
FNDA:1,(anonymous_2)
FNDA:1,(anonymous_3)
DA:16,1
DA:17,1
DA:27,1
DA:45,1
LF:4
LH:4
BRDA:27,0,0,2
BRDA:27,0,1,1
BRDA:45,1,0,1
BRDA:45,1,1,2
BRF:4
BRH:4
end_of_record
TN:
SF:/Users/cmitchell/www/renderless-party/src/components/Function.vue
FN:11,(anonymous_1)
FNF:1
FNH:1
FNDA:1,(anonymous_1)
DA:12,1
LF:1
LH:1
BRF:0
BRH:0
end_of_record
TN:
SF:/Users/cmitchell/www/renderless-party/src/components/Paginate.vue
FN:2,(anonymous_1)
FN:3,(anonymous_2)
FN:22,(anonymous_3)
FN:29,(anonymous_4)
FN:33,(anonymous_5)
FN:37,(anonymous_6)
FN:41,(anonymous_7)
FN:45,(anonymous_8)
FN:49,(anonymous_9)
FN:53,(anonymous_10)
FN:57,(anonymous_11)
FN:63,(anonymous_12)
FN:67,(anonymous_13)
FN:73,(anonymous_14)
FN:77,(anonymous_15)
FN:81,(anonymous_16)
FN:86,(anonymous_17)
FNF:17
FNH:17
FNDA:4,(anonymous_1)
FNDA:20,(anonymous_2)
FNDA:1,(anonymous_3)
FNDA:5,(anonymous_4)
FNDA:12,(anonymous_5)
FNDA:11,(anonymous_6)
FNDA:4,(anonymous_7)
FNDA:5,(anonymous_8)
FNDA:4,(anonymous_9)
FNDA:5,(anonymous_10)
FNDA:5,(anonymous_11)
FNDA:1,(anonymous_12)
FNDA:2,(anonymous_13)
FNDA:9,(anonymous_14)
FNDA:2,(anonymous_15)
FNDA:3,(anonymous_16)
FNDA:4,(anonymous_17)
DA:2,7
DA:3,24
DA:23,1
DA:30,5
DA:34,12
DA:38,11
DA:42,4
DA:46,5
DA:50,4
DA:54,5
DA:58,5
DA:64,1
DA:68,2
DA:74,9
DA:78,2
DA:82,3
DA:87,4
LF:17
LH:17
BRDA:54,0,0,4
BRDA:54,0,1,1
BRDA:58,1,0,4
BRDA:58,1,1,1
BRDA:74,2,0,1
BRDA:74,2,1,8
BRDA:78,3,0,1
BRDA:78,3,1,1
BRF:8
BRH:8
end_of_record
TN:
SF:/Users/cmitchell/www/renderless-party/src/components/Search.vue
FN:9,(anonymous_1)
FN:22,(anonymous_2)
FN:30,(anonymous_3)
FN:34,(anonymous_4)
FNF:4
FNH:4
FNDA:1,(anonymous_1)
FNDA:3,(anonymous_2)
FNDA:19,(anonymous_3)
FNDA:3,(anonymous_4)
DA:2,7
DA:9,1
DA:23,4
DA:25,2
DA:26,2
DA:27,2
DA:28,2
DA:30,21
DA:35,3
LF:9
LH:9
BRDA:23,0,0,4
BRDA:23,0,1,4
BRDA:27,1,0,2
BRDA:27,1,1,1
BRF:4
BRH:4
end_of_record
TN:
SF:/Users/cmitchell/www/renderless-party/src/components/Sort.vue
FN:14,(anonymous_1)
FN:24,(anonymous_2)
FN:31,(anonymous_3)
FNF:3
FNH:3
FNDA:4,(anonymous_1)
FNDA:4,(anonymous_2)
FNDA:4,(anonymous_3)
DA:2,7
DA:14,4
DA:25,5
DA:27,3
DA:32,4
LF:5
LH:5
BRDA:25,0,0,1
BRDA:25,0,1,3
BRF:2
BRH:2
end_of_record
TN:
SF:/Users/cmitchell/www/renderless-party/src/components/State.vue
FN:11,(anonymous_1)
FN:18,(anonymous_2)
FN:22,(anonymous_3)
FN:27,(anonymous_4)
FN:32,(anonymous_5)
FN:37,(anonymous_6)
FNF:6
FNH:6
FNDA:1,(anonymous_1)
FNDA:5,(anonymous_2)
FNDA:2,(anonymous_3)
FNDA:1,(anonymous_4)
FNDA:2,(anonymous_5)
FNDA:5,(anonymous_6)
DA:12,1
DA:19,5
DA:23,2
DA:28,1
DA:33,2
DA:38,5
LF:6
LH:6
BRF:0
BRH:0
end_of_record
TN:
SF:/Users/cmitchell/www/renderless-party/src/components/Toggle.vue
FN:11,(anonymous_1)
FN:18,(anonymous_2)
FN:22,(anonymous_3)
FN:28,(anonymous_4)
FN:32,(anonymous_5)
FN:36,(anonymous_6)
FN:41,(anonymous_7)
FNF:7
FNH:7
FNDA:1,(anonymous_1)
FNDA:3,(anonymous_2)
FNDA:1,(anonymous_3)
FNDA:1,(anonymous_4)
FNDA:1,(anonymous_5)
FNDA:1,(anonymous_6)
FNDA:4,(anonymous_7)
DA:12,1
DA:19,3
DA:23,1
DA:29,1
DA:33,1
DA:37,1
DA:42,4
LF:7
LH:7
BRF:0
BRH:0
end_of_record
TN:
SF:/Users/cmitchell/www/renderless-party/src/components/index.js
FNF:0
FNH:0
LF:0
LH:0
BRF:0
BRH:0
end_of_record
